<?xml version="1.0" encoding="UTF-8"?><testrun name="BuscaFiltroPalavraChave" project="PlataformaEconodata" tests="2" started="2" failures="1" errors="0" ignored="0">
  <testsuite name="Test.BuscaFiltroPalavraChave" incomplete="true">
    <testsuite name="[0]" time="33.008">
      <testcase name="testeFiltroKeyword[0]" classname="Test.BuscaFiltroPalavraChave" time="33.008">
        <failure>java.lang.AssertionError: Values should be different. Actual: 0&#13;
	at org.junit.Assert.fail(Assert.java:88)&#13;
	at org.junit.Assert.failEquals(Assert.java:185)&#13;
	at org.junit.Assert.assertNotEquals(Assert.java:161)&#13;
	at org.junit.Assert.assertNotEquals(Assert.java:175)&#13;
	at Test.BuscaFiltroPalavraChave.testeFiltroKeyword(BuscaFiltroPalavraChave.java:59)&#13;
	at sun.reflect.NativeMethodAccessorImpl.invoke0(Native Method)&#13;
	at sun.reflect.NativeMethodAccessorImpl.invoke(Unknown Source)&#13;
	at sun.reflect.DelegatingMethodAccessorImpl.invoke(Unknown Source)&#13;
	at java.lang.reflect.Method.invoke(Unknown Source)&#13;
	at org.junit.runners.model.FrameworkMethod$1.runReflectiveCall(FrameworkMethod.java:50)&#13;
	at org.junit.internal.runners.model.ReflectiveCallable.run(ReflectiveCallable.java:12)&#13;
	at org.junit.runners.model.FrameworkMethod.invokeExplosively(FrameworkMethod.java:47)&#13;
	at org.junit.internal.runners.statements.InvokeMethod.evaluate(InvokeMethod.java:17)&#13;
	at org.junit.internal.runners.statements.RunBefores.evaluate(RunBefores.java:26)&#13;
	at org.junit.internal.runners.statements.RunAfters.evaluate(RunAfters.java:27)&#13;
	at org.junit.rules.TestWatcher$1.evaluate(TestWatcher.java:55)&#13;
	at org.junit.rules.RunRules.evaluate(RunRules.java:20)&#13;
	at org.junit.runners.ParentRunner.runLeaf(ParentRunner.java:325)&#13;
	at org.junit.runners.BlockJUnit4ClassRunner.runChild(BlockJUnit4ClassRunner.java:78)&#13;
	at org.junit.runners.BlockJUnit4ClassRunner.runChild(BlockJUnit4ClassRunner.java:57)&#13;
	at org.junit.runners.ParentRunner$3.run(ParentRunner.java:290)&#13;
	at org.junit.runners.ParentRunner$1.schedule(ParentRunner.java:71)&#13;
	at org.junit.runners.ParentRunner.runChildren(ParentRunner.java:288)&#13;
	at org.junit.runners.ParentRunner.access$000(ParentRunner.java:58)&#13;
	at org.junit.runners.ParentRunner$2.evaluate(ParentRunner.java:268)&#13;
	at org.junit.runners.ParentRunner.run(ParentRunner.java:363)&#13;
	at org.junit.runners.Suite.runChild(Suite.java:128)&#13;
	at org.junit.runners.Suite.runChild(Suite.java:27)&#13;
	at org.junit.runners.ParentRunner$3.run(ParentRunner.java:290)&#13;
	at org.junit.runners.ParentRunner$1.schedule(ParentRunner.java:71)&#13;
	at org.junit.runners.ParentRunner.runChildren(ParentRunner.java:288)&#13;
	at org.junit.runners.ParentRunner.access$000(ParentRunner.java:58)&#13;
	at org.junit.runners.ParentRunner$2.evaluate(ParentRunner.java:268)&#13;
	at org.junit.runners.ParentRunner.run(ParentRunner.java:363)&#13;
	at org.eclipse.jdt.internal.junit4.runner.JUnit4TestReference.run(JUnit4TestReference.java:89)&#13;
	at org.eclipse.jdt.internal.junit.runner.TestExecution.run(TestExecution.java:41)&#13;
	at org.eclipse.jdt.internal.junit.runner.RemoteTestRunner.runTests(RemoteTestRunner.java:541)&#13;
	at org.eclipse.jdt.internal.junit.runner.RemoteTestRunner.runTests(RemoteTestRunner.java:763)&#13;
	at org.eclipse.jdt.internal.junit.runner.RemoteTestRunner.run(RemoteTestRunner.java:463)&#13;
	at org.eclipse.jdt.internal.junit.runner.RemoteTestRunner.main(RemoteTestRunner.java:209)&#13;
&#13;
</failure>
      </testcase>
    </testsuite>
    <testsuite name="[1]" incomplete="true">
      <testcase name="testeFiltroKeyword[1]" classname="Test.BuscaFiltroPalavraChave" incomplete="true"/>
    </testsuite>
  </testsuite>
</testrun>
